<?xml version="1.0" encoding="UTF-8"?>
<!-- Generated by org.testng.reporters.JUnitReportReporter -->
<testsuite skipped="0" hostname="LAPTOP-D2OKB3QK" name="QueryDataTest" tests="2" failures="0" timestamp="24 三月 2020 01:29:06 GMT" time="34.092" errors="0">
  <testcase name="SelctorCheck" time="6.856" classname="QueryDataTest"/>
  <testcase name="queryMethod" time="27.236" classname="QueryDataTest"/>
</testsuite> <!-- QueryDataTest -->
