<?xml version="1.0" encoding="UTF-8"?>
<!-- Generated by org.testng.reporters.JUnitReportReporter -->
<testsuite skipped="0" hostname="LAPTOP-D2OKB3QK" name="TBphoneTest" tests="5" failures="0" timestamp="24 三月 2020 01:29:06 GMT" time="0.527" errors="0">
  <testcase name="testTbphone" time="0.087" classname="TBphoneTest"/>
  <testcase name="testTbphone" time="0.183" classname="TBphoneTest"/>
  <testcase name="testTbphone" time="0.090" classname="TBphoneTest"/>
  <testcase name="testTbphone" time="0.080" classname="TBphoneTest"/>
  <testcase name="testTbphone" time="0.087" classname="TBphoneTest"/>
</testsuite> <!-- TBphoneTest -->
