<?xml version="1.0" encoding="UTF-8"?>
<!-- Generated by org.testng.reporters.JUnitReportReporter -->
<testsuite skipped="0" hostname="LAPTOP-D2OKB3QK" name="BJGvoAPITest" tests="1" failures="0" timestamp="24 三月 2020 01:29:06 GMT" time="2.514" errors="0">
  <testcase name="test1" time="2.514" classname="BJGvoAPITest"/>
</testsuite> <!-- BJGvoAPITest -->
