<?xml version="1.0" encoding="UTF-8"?>
<!-- Generated by org.testng.reporters.JUnitReportReporter -->
<testsuite skipped="0" hostname="LAPTOP-D2OKB3QK" name="QueryDataTest" tests="2" failures="0" timestamp="20 三月 2020 14:10:35 GMT" time="33.403" errors="0">
  <testcase name="SelctorCheck" time="11.114" classname="QueryDataTest"/>
  <testcase name="queryMethod" time="22.289" classname="QueryDataTest"/>
</testsuite> <!-- QueryDataTest -->
